WARNING : Using CLI version 2.44.0 but project's `requirements.txt`
WARNING : is configured to use 2.38.2. Consider either installing
WARNING : CLI version 2.38.2 or running `pretext update-project`
WARNING : to update `requirements.txt` and other managed files to match 2.44.0.
INFO    : Building target syllabus-web
INFO    : XSL conversion of /Users/lienert_c/Documents/GitHub/M311F26/M311F26/source/syllabus.ptx by /Users/lienert_c/.ptx/2.44.0/core/xsl/utilities/pretext-enhanced-source.xsl
INFO    : messages from the log for XSL processing:
WARNING : * PTX:WARNING:   numbering level set for figures ("1") is greater than the maximum possible levels ("0") configured.  The default value will be used instead
WARNING : * PTX:WARNING:   numbering level set for inline exercises ("1") is greater than the maximum possible levels ("0") configured.  The default value will be used instead
WARNING : * PTX:WARNING:   numbering level set for open problems ("1") is greater than the maximum possible levels ("0") configured.  The default value will be used instead
INFO    : successful application of /Users/lienert_c/.ptx/2.44.0/core/xsl/utilities/pretext-enhanced-source.xsl
WARNING : Schema validation could not be completed: no validator was available (jing is not installed and lxml could not compile the schema). Continuing with build.
INFO    : Generating any needed assets.
INFO    : Finished generating assets.

INFO    : Preparing to build into /Users/lienert_c/Documents/GitHub/M311F26/M311F26/output/syllabus-web.
INFO    : discovering source file's directory name: /Users/lienert_c/Documents/GitHub/M311F26/M311F26/source
INFO    : verifying and expanding input directory: /Users/lienert_c/Documents/GitHub/M311F26/M311F26/source/../generated-assets
INFO    : input directory expanded to absolute path: /Users/lienert_c/Documents/GitHub/M311F26/M311F26/generated-assets
INFO    : verifying and expanding input directory: /Users/lienert_c/Documents/GitHub/M311F26/M311F26/source/../assets
INFO    : input directory expanded to absolute path: /Users/lienert_c/Documents/GitHub/M311F26/M311F26/assets
INFO    : XSL conversion of /Users/lienert_c/Documents/GitHub/M311F26/M311F26/source/syllabus.ptx by /Users/lienert_c/.ptx/2.44.0/core/xsl/utilities/report-publisher-variables.xsl
INFO    : successful application of /Users/lienert_c/.ptx/2.44.0/core/xsl/utilities/report-publisher-variables.xsl
INFO    : Downloading rs services file from https://runestone.academy/cdn/runestone/latest/webpack_static_imports.xml.
INFO    : Runestone Services via online CDN query: version 8.1.14
INFO    : Downloading Runestone Services, version 8.1.14
INFO    : Extracting Runestone Services from archive file
INFO    : Building custom css theme: theme-salem
INFO    : converting /Users/lienert_c/Documents/GitHub/M311F26/M311F26/source/syllabus.ptx to HTML in /var/folders/z9/f7bxmfjx4tvfcs_nzdg6b4sjx5rxgp/T/ptx-5dx1pbul
INFO    : XSL conversion of /Users/lienert_c/Documents/GitHub/M311F26/M311F26/source/syllabus.ptx by /Users/lienert_c/.ptx/2.44.0/core/xsl/pretext-html.xsl
INFO    : * PTX:INFO:   checking all deprecated elements.
INFO    : successful application of /Users/lienert_c/.ptx/2.44.0/core/xsl/pretext-html.xsl
INFO    : Removing temporary directory /var/folders/z9/f7bxmfjx4tvfcs_nzdg6b4sjx5rxgp/T/ptx-5dx1pbul
INFO    : Removing temporary directory /var/folders/z9/f7bxmfjx4tvfcs_nzdg6b4sjx5rxgp/T/ptx-q2soxcpr
INFO    : 
Finished build for target syllabus-web. Run `pretext view syllabus-web` to see the results.

INFO    : 
Success!  Built requested target(s) without errors.

INFO    : 
