WARNING : Using CLI version 2.44.0 but project's `requirements.txt`
WARNING : is configured to use 2.38.2. Consider either installing
WARNING : CLI version 2.38.2 or running `pretext update-project`
WARNING : to update `requirements.txt` and other managed files to match 2.44.0.
INFO    : Staging deployment according to strategy pelican_default
INFO    : Staging `syllabus-web` at `/Users/lienert_c/Documents/GitHub/M311F26/M311F26/output/stage/syllabus`.
WARNING : No build for `activities-web` was found in the directory `/Users/lienert_c/Documents/GitHub/M311F26/M311F26/output/activities-web`.Try running `pretext build activities-web` to build this component first.
INFO    : Skipping this target for now.
WARNING : No build for `notes-web` was found in the directory `/Users/lienert_c/Documents/GitHub/M311F26/M311F26/output/notes-web`.Try running `pretext build notes-web` to build this component first.
INFO    : Staging generated site at `/Users/lienert_c/Documents/GitHub/M311F26/M311F26/output/stage`.
INFO    : XSL conversion of /Users/lienert_c/Documents/GitHub/M311F26/M311F26/source/syllabus.ptx by /Users/lienert_c/.ptx/2.44.0/core/xsl/utilities/pretext-enhanced-source.xsl
INFO    : messages from the log for XSL processing:
WARNING : * PTX:WARNING:   numbering level set for figures ("1") is greater than the maximum possible levels ("0") configured.  The default value will be used instead
WARNING : * PTX:WARNING:   numbering level set for inline exercises ("1") is greater than the maximum possible levels ("0") configured.  The default value will be used instead
WARNING : * PTX:WARNING:   numbering level set for open problems ("1") is greater than the maximum possible levels ("0") configured.  The default value will be used instead
INFO    : successful application of /Users/lienert_c/.ptx/2.44.0/core/xsl/utilities/pretext-enhanced-source.xsl
INFO    : Deployment is now staged at `/Users/lienert_c/Documents/GitHub/M311F26/M311F26/output/stage`.
INFO    : Preparing to deploy from active `main` git branch.

INFO    : Changes to project source since last commit detected.
WARNING : Don't forget to either add and commit the changes to your source with git, or run `pretext deploy -u` to have these changes updated automatically.
WARNING : Just deploying your built project will not save changes to your source on GitHub.`
INFO    : Committing your latest build to the `gh-pages` branch.
INFO    : 
INFO    : Attempting to connect to remote repository at `https://github.com/CarlLienert/M311F26.git`...
INFO    : Latest build successfully pushed to GitHub!

INFO    : To enable GitHub Pages, visit
INFO    :     https://github.com/CarlLienert/M311F26/settings/pages
INFO    : selecting the `gh-pages` branch with the `/ (root)` folder.

INFO    : Visit
INFO    :     https://github.com/CarlLienert/M311F26/actions/
INFO    : to check on the status of your GitHub Pages deployment.

INFO    : Your built project will soon be available to the public at:
INFO    :     https://CarlLienert.github.io/M311F26/
