INFO    : Building target syllabus-web
INFO    : XSL conversion of /Users/lienert_c/Documents/GitHub/M221F26/source/syllabus.ptx by /Users/lienert_c/.ptx/2.38.2/core/xsl/utilities/pretext-enhanced-source.xsl
INFO    : successful application of /Users/lienert_c/.ptx/2.38.2/core/xsl/utilities/pretext-enhanced-source.xsl
INFO    : Generating any needed assets.
INFO    : Finished generating assets.

INFO    : Preparing to build into /Users/lienert_c/Documents/GitHub/M221F26/output/syllabus-web.
INFO    : discovering source file's directory name: /Users/lienert_c/Documents/GitHub/M221F26/source
INFO    : verifying and expanding input directory: /Users/lienert_c/Documents/GitHub/M221F26/source/../generated-assets
INFO    : input directory expanded to absolute path: /Users/lienert_c/Documents/GitHub/M221F26/generated-assets
INFO    : verifying and expanding input directory: /Users/lienert_c/Documents/GitHub/M221F26/source/../assets
INFO    : input directory expanded to absolute path: /Users/lienert_c/Documents/GitHub/M221F26/assets
INFO    : XSL conversion of /Users/lienert_c/Documents/GitHub/M221F26/source/syllabus.ptx by /Users/lienert_c/.ptx/2.38.2/core/xsl/utilities/report-publisher-variables.xsl
INFO    : successful application of /Users/lienert_c/.ptx/2.38.2/core/xsl/utilities/report-publisher-variables.xsl
INFO    : Downloading rs services file from https://runestone.academy/cdn/runestone/latest/webpack_static_imports.xml.
INFO    : Runestone Services via online CDN query: version 7.13.5
INFO    : Downloading Runestone Services, version 7.13.5
INFO    : Extracting Runestone Services from archive file
INFO    : Building custom css theme: theme-salem
INFO    : converting /Users/lienert_c/Documents/GitHub/M221F26/source/syllabus.ptx to HTML in /var/folders/z9/f7bxmfjx4tvfcs_nzdg6b4sjx5rxgp/T/ptx-68puiwwb
INFO    : XSL conversion of /Users/lienert_c/Documents/GitHub/M221F26/source/syllabus.ptx by /Users/lienert_c/.ptx/2.38.2/core/xsl/pretext-html.xsl
INFO    : messages from the log for XSL processing:
INFO    : * PTX:INFO:   checking all deprecated elements.
INFO    : successful application of /Users/lienert_c/.ptx/2.38.2/core/xsl/pretext-html.xsl
INFO    : Removing temporary directory /var/folders/z9/f7bxmfjx4tvfcs_nzdg6b4sjx5rxgp/T/ptx-68puiwwb
INFO    : Removing temporary directory /var/folders/z9/f7bxmfjx4tvfcs_nzdg6b4sjx5rxgp/T/ptx-of9ijq32
INFO    : 
Finished build for target syllabus-web. Run `pretext view syllabus-web` to see the results.

INFO    : 
Success!  Built requested target(s) without errors.

INFO    : 
